Fichier CSV enregistré avec succès sur le serveur SFTP sur /tmp/passage_286.csvFichier CSV enregistré avec succès sur le serveur SFTP sur /tmp/passage_301.csvFichier CSV enregistré avec succès sur le serveur SFTP sur /tmp/passage_303_2024-03-25_14-37-01.csvFichier CSV enregistré avec succès sur le serveur SFTP sur /tmp/passage-304-2024-03-26_13-00-19.csvImpossible d'établir une connexion SFTP ou d'ouvrir le fichier distant /tmp/passage-305-2024-03-26_13-04-25.csvImpossible d'établir une connexion SFTP ou d'ouvrir le fichier distant /tmp/passage-306-2024-03-26_13-52-47.csv
Impossible d'établir une connexion SFTP ou d'ouvrir le fichier distant /tmp/passage-307-2024-03-26_13-57-29.csv

Fichier CSV enregistré avec succès sur le serveur SFTP sur /tmp/passage-308-2024-04-25_12-40-20.csv

Impossible d'établir une connexion SFTP ou d'ouvrir le fichier distant /tmp/passage-309-2024-05-05_14-18-57.csv

Fichier CSV enregistré avec succès sur le serveur SFTP sur /tmp/passage-310-2024-05-05_14-56-38.csv

Impossible d'établir une connexion SFTP ou d'ouvrir le fichier distant /passage-311-2024-05-06_12-22-15.csv

Impossible d'établir une connexion SFTP ou d'ouvrir le fichier distant /passage-312-2024-05-06_12-54-57.csv

Impossible d'établir une connexion SFTP ou d'ouvrir le fichier distant /passage-313-2024-05-06_12-56-27.csv

Impossible d'établir une connexion SFTP ou d'ouvrir le fichier distant /passage-314-2024-05-06_13-15-45.csv

Impossible d'établir une connexion SFTP ou d'ouvrir le fichier distant /passage-315-2024-05-06_13-29-18.csv

Impossible d'établir une connexion SFTP ou d'ouvrir le fichier distant /passage-316-2024-05-06_13-40-50.csv

Impossible d'établir une connexion SFTP ou d'ouvrir le fichier distant /passage-316-2024-05-06_13-40-50.csv
Impossible d'établir une connexion SFTP ou d'ouvrir le fichier distant /passage-317-2024-05-06_14-37-53.csv

Impossible d'établir une connexion SFTP ou d'ouvrir le fichier distant /passage-317-2024-05-06_14-37-53.csv
Impossible d'établir une connexion SFTP ou d'ouvrir le fichier distant /passage-317-2024-05-06_14-38-14.csv

Impossible d'établir une connexion SFTP ou d'ouvrir le fichier distant /passage-317-2024-05-06_14-38-14.csv
Impossible d'établir une connexion SFTP ou d'ouvrir le fichier distant /passage-318-2024-05-06_14-39-24.csv

Impossible d'établir une connexion SFTP ou d'ouvrir le fichier distant /passage-318-2024-05-06_14-39-24.csv
Impossible d'établir une connexion SFTP ou d'ouvrir le fichier distant /passage-319-2024-05-06_14-51-01.csv

Impossible d'établir une connexion SFTP ou d'ouvrir le fichier distant /passage-319-2024-05-06_14-51-01.csv
Impossible d'établir une connexion SFTP ou d'ouvrir le fichier distant /passage-319-2024-05-06_14-54-08.csv

Impossible d'établir une connexion SFTP ou d'ouvrir le fichier distant /passage-319-2024-05-06_14-54-08.csv
Impossible d'établir une connexion SFTP ou d'ouvrir le fichier distant /passage-320-2024-05-06_14-55-47.csv

Impossible d'établir une connexion SFTP ou d'ouvrir le fichier distant /passage-320-2024-05-06_14-55-47.csv
Impossible d'établir une connexion SFTP ou d'ouvrir le fichier distant /passage-321-2024-05-06_14-57-54.csv

Impossible d'établir une connexion SFTP ou d'ouvrir le fichier distant /passage-321-2024-05-06_14-57-54.csv
Impossible d'établir une connexion SFTP ou d'ouvrir le fichier distant /passage-322-2024-05-06_15-21-53.csv

Impossible d'établir une connexion SFTP ou d'ouvrir le fichier distant /passage-322-2024-05-06_15-21-53.csv
Impossible d'établir une connexion SFTP ou d'ouvrir le fichier distant /passage-323-2024-05-07_06-07-13.csv

Impossible d'établir une connexion SFTP ou d'ouvrir le fichier distant /passage-323-2024-05-07_06-07-13.csv
Impossible d'établir une connexion SFTP ou d'ouvrir le fichier distant /passage-324-2024-05-07_06-09-36.csv

Impossible d'établir une connexion SFTP ou d'ouvrir le fichier distant /passage-324-2024-05-07_06-09-36.csv
Impossible d'établir une connexion SFTP ou d'ouvrir le fichier distant //passage-325-2024-05-12_14-03-53.csv

Impossible d'établir une connexion SFTP ou d'ouvrir le fichier distant //passage-325-2024-05-12_14-03-53.csv
Impossible d'établir une connexion SFTP ou d'ouvrir le fichier distant /tmp/passage-326-2024-05-13_11-58-31.csv

Impossible d'établir une connexion SFTP ou d'ouvrir le fichier distant /tmp/passage-326-2024-05-13_11-58-31.csv
Fichier CSV enregistré avec succès sur le serveur SFTP sur /tmp/passage-327-2024-05-19_10-47-10.csv

Fichier CSV enregistré avec succès sur le serveur SFTP sur /tmp/passage-328-2024-05-19_10-49-00.csv

Fichier CSV enregistré avec succès sur le serveur SFTP sur /tmp/passage-329-2024-05-19_10-50-05.csv

Fichier CSV enregistré avec succès sur le serveur SFTP sur /tmp/passage-330-2024-05-19_11-08-18.csv

Fichier CSV enregistré avec succès sur le serveur SFTP sur /tmp/passage-331-2024-05-19_11-15-15.csv

Fichier CSV enregistré avec succès sur le serveur SFTP sur /tmp/passage-332-2024-05-19_11-35-51.csv

Fichier CSV enregistré avec succès sur le serveur SFTP sur /tmp/passage-333-2024-05-19_11-38-14.csv

Fichier CSV enregistré avec succès sur le serveur SFTP sur /tmp/passage-334-2024-05-19_13-22-58.csv

Array
(
    [Poids_Total_g] => 0
    [Poids_Chocolat_g] => 0
    [Poids_Fourrage1_g] => 0
    [Poids_Fourrage2_g] => 0
    [Poids_Inclusions1_g] => 0
    [Poids_Inclusions2_g] => 0
    [Poids_Biscuit_Seul_g] => 0
)

Fichier CSV enregistré avec succès sur le serveur SFTP sur /tmp/passage-335-2024-05-19_13-28-19.csv

Fichier CSV enregistré avec succès sur le serveur SFTP sur /tmp/passage-336-2024-05-19_13-29-41.csv

CQ_pek_Recette_Poids_Total_g
CQ_pek_Recette_Poids_Inclusions1_g
CQ_pek_Recette_Poids_Fourrage1_g
CQ_pek_Recette_Poids_Biscuit_Seul_g
Fichier CSV enregistré avec succès sur le serveur SFTP sur /tmp/passage-337-2024-05-19_13-33-49.csv

TagName: CQ_pek_Recette_Poids_Total_g, UniteMesure: g, ValeurSaisie: 15
Array
(
    [Poids_Total_g] => 0
    [Poids_Chocolat_g] => 0
    [Poids_Fourrage1_g] => 0
    [Poids_Fourrage2_g] => 0
    [Poids_Inclusions1_g] => 0
    [Poids_Inclusions2_g] => 0
    [Poids_Biscuit_Seul_g] => 0
    [CQ_pek_Recette_Poids_Total_g] => 15
)

TagName: CQ_pek_Recette_Poids_Inclusions1_g, UniteMesure: g, ValeurSaisie: 23
Array
(
    [Poids_Total_g] => 0
    [Poids_Chocolat_g] => 0
    [Poids_Fourrage1_g] => 0
    [Poids_Fourrage2_g] => 0
    [Poids_Inclusions1_g] => 0
    [Poids_Inclusions2_g] => 0
    [Poids_Biscuit_Seul_g] => 0
    [CQ_pek_Recette_Poids_Total_g] => 15
    [CQ_pek_Recette_Poids_Inclusions1_g] => 23
)

TagName: CQ_pek_Recette_Poids_Fourrage1_g, UniteMesure: %, ValeurSaisie: 0.46
Array
(
    [Poids_Total_g] => 0
    [Poids_Chocolat_g] => 0
    [Poids_Fourrage1_g] => 0
    [Poids_Fourrage2_g] => 0
    [Poids_Inclusions1_g] => 0
    [Poids_Inclusions2_g] => 0
    [Poids_Biscuit_Seul_g] => 0
    [CQ_pek_Recette_Poids_Total_g] => 15
    [CQ_pek_Recette_Poids_Inclusions1_g] => 23
    [CQ_pek_Recette_Poids_Fourrage1_g] => 0
)

TagName: CQ_pek_Recette_Poids_Biscuit_Seul_g, UniteMesure: g, ValeurSaisie: 84
Array
(
    [Poids_Total_g] => 0
    [Poids_Chocolat_g] => 0
    [Poids_Fourrage1_g] => 0
    [Poids_Fourrage2_g] => 0
    [Poids_Inclusions1_g] => 0
    [Poids_Inclusions2_g] => 0
    [Poids_Biscuit_Seul_g] => 0
    [CQ_pek_Recette_Poids_Total_g] => 15
    [CQ_pek_Recette_Poids_Inclusions1_g] => 23
    [CQ_pek_Recette_Poids_Fourrage1_g] => 0
    [CQ_pek_Recette_Poids_Biscuit_Seul_g] => 84
)

Fichier CSV enregistré avec succès sur le serveur SFTP sur /tmp/passage-338-2024-05-19_13-46-57.csv

TagName: CQ_pek_Recette_Poids_Total_g, UniteMesure: g, ValeurSaisie: 15
TagName: CQ_pek_Recette_Poids_Total_g, UniteMesure: g, ValeurSaisie: 15
TagName: CQ_pek_Recette_Poids_Inclusions1_g, UniteMesure: g, ValeurSaisie: 23
TagName: CQ_pek_Recette_Poids_Inclusions1_g, UniteMesure: g, ValeurSaisie: 23
TagName: CQ_pek_Recette_Poids_Fourrage1_g, UniteMesure: %, ValeurSaisie: 0.46
TagName: CQ_pek_Recette_Poids_Fourrage1_g, UniteMesure: %, ValeurSaisie: 0
TagName: CQ_pek_Recette_Poids_Biscuit_Seul_g, UniteMesure: g, ValeurSaisie: 85
TagName: CQ_pek_Recette_Poids_Biscuit_Seul_g, UniteMesure: g, ValeurSaisie: 85
Fichier CSV enregistré avec succès sur le serveur SFTP sur /tmp/passage-339-2024-05-19_14-24-00.csv

TagName: CQ_pek_Recette_Poids_Total_g, UniteMesure: g, ValeurSaisie: 15
TagName: CQ_pek_Recette_Poids_Total_g, UniteMesure: g, ValeurSaisie: 15
TagName: CQ_pek_Recette_Poids_Inclusions1_g, UniteMesure: g, ValeurSaisie: 23
TagName: CQ_pek_Recette_Poids_Inclusions1_g, UniteMesure: g, ValeurSaisie: 23
TagName: CQ_pek_Recette_Poids_Fourrage1_g, UniteMesure: %, ValeurSaisie: 0.46
TagName: CQ_pek_Recette_Poids_Fourrage1_g, UniteMesure: %, ValeurSaisie: 0
TagName: CQ_pek_Recette_Poids_Biscuit_Seul_g, UniteMesure: g, ValeurSaisie: 90
TagName: CQ_pek_Recette_Poids_Biscuit_Seul_g, UniteMesure: g, ValeurSaisie: 90
Fichier CSV enregistré avec succès sur le serveur SFTP sur /tmp/passage-340-2024-05-20_08-08-54.csv

TagName: CQ_pek_Recette_Poids_Total_g, UniteMesure: g, ValeurSaisie: 15
TagName: CQ_pek_Recette_Poids_Total_g, UniteMesure: g, ValeurSaisie: 15
TagName: CQ_pek_Recette_Poids_Inclusions1_g, UniteMesure: g, ValeurSaisie: 23
TagName: CQ_pek_Recette_Poids_Inclusions1_g, UniteMesure: g, ValeurSaisie: 23
TagName: CQ_pek_Recette_Poids_Fourrage1_g, UniteMesure: %, ValeurSaisie: 0.46
TagName: CQ_pek_Recette_Poids_Fourrage1_g, UniteMesure: %, ValeurSaisie: 0
TagName: CQ_pek_Recette_Poids_Biscuit_Seul_g, UniteMesure: g, ValeurSaisie: 87
TagName: CQ_pek_Recette_Poids_Biscuit_Seul_g, UniteMesure: g, ValeurSaisie: 87
TagName: 
TagName: 
TagName: 
TagName: 
TagName: 
TagName: 
TagName: 
Fichier CSV enregistré avec succès sur le serveur SFTP sur /tmp/passage-341-2024-05-20_08-15-03.csv

TagName: CQ_pek_Recette_Poids_Total_g, UniteMesure: g, ValeurSaisie: 15
TagName:CQ_pek_Recette_Poids_Total_g, UniteMesure: g, ValeurSaisie: 15
TagName: CQ_pek_Recette_Poids_Inclusions1_g, UniteMesure: g, ValeurSaisie: 23
TagName:CQ_pek_Recette_Poids_Inclusions1_g, UniteMesure: g, ValeurSaisie: 23
TagName: CQ_pek_Recette_Poids_Fourrage1_g, UniteMesure: %, ValeurSaisie: 0.46
TagName:CQ_pek_Recette_Poids_Fourrage1_g, UniteMesure: %, ValeurSaisie: 0
TagName: CQ_pek_Recette_Poids_Biscuit_Seul_g, UniteMesure: g, ValeurSaisie: 87
TagName:CQ_pek_Recette_Poids_Biscuit_Seul_g, UniteMesure: g, ValeurSaisie: 87
TagName: 
TagName: 
TagName: 
TagName: 
TagName: 
TagName: 
TagName: 
Fichier CSV enregistré avec succès sur le serveur SFTP sur /tmp/passage-342-2024-05-20_08-17-38.csv

TagName: CQ_pek_Recette_Poids_Total_g, UniteMesure: g, ValeurSaisie: 15
TagName:CQ_pek_Recette_Poids_Total_g, UniteMesure: g, ValeurSaisie: 15
TagName: CQ_pek_Recette_Poids_Inclusions1_g, UniteMesure: g, ValeurSaisie: 23
TagName:CQ_pek_Recette_Poids_Inclusions1_g, UniteMesure: g, ValeurSaisie: 23
TagName: CQ_pek_Recette_Poids_Fourrage1_g, UniteMesure: %, ValeurSaisie: 0.46
TagName:CQ_pek_Recette_Poids_Fourrage1_g, UniteMesure: %, ValeurSaisie: 0
TagName: CQ_pek_Recette_Poids_Biscuit_Seul_g, UniteMesure: g, ValeurSaisie: 89
TagName:CQ_pek_Recette_Poids_Biscuit_Seul_g, UniteMesure: g, ValeurSaisie: 89
TagName: 
TagName: 
TagName: 
TagName: 
TagName: 
TagName: 
TagName: 
Fichier CSV enregistré avec succès sur le serveur SFTP sur /tmp/passage-343-2024-05-20_08-20-41.csv

TagName: CQ_pek_Recette_Poids_Total_g, UniteMesure: g, ValeurSaisie: 15
TagName:CQ_pek_Recette_Poids_Total_g, UniteMesure: g, ValeurSaisie: 15
TagName: CQ_pek_Recette_Poids_Inclusions1_g, UniteMesure: g, ValeurSaisie: 23
TagName:CQ_pek_Recette_Poids_Inclusions1_g, UniteMesure: g, ValeurSaisie: 23
TagName: CQ_pek_Recette_Poids_Fourrage1_g, UniteMesure: %, ValeurSaisie: 0.46
TagName:CQ_pek_Recette_Poids_Fourrage1_g, UniteMesure: %, ValeurSaisie: 0
TagName: CQ_pek_Recette_Poids_Biscuit_Seul_g, UniteMesure: g, ValeurSaisie: 97
TagName:CQ_pek_Recette_Poids_Biscuit_Seul_g, UniteMesure: g, ValeurSaisie: 97
Array
Array
Array
Array
Array
Array
Array
Fichier CSV enregistré avec succès sur le serveur SFTP sur /tmp/passage-344-2024-05-20_08-22-40.csv

TagName: CQ_pek_Recette_Poids_Total_g, UniteMesure: g, ValeurSaisie: 15
TagName:CQ_pek_Recette_Poids_Total_g, UniteMesure: g, ValeurSaisie: 15
TagName: CQ_pek_Recette_Poids_Inclusions1_g, UniteMesure: g, ValeurSaisie: 23
TagName:CQ_pek_Recette_Poids_Inclusions1_g, UniteMesure: g, ValeurSaisie: 23
TagName: CQ_pek_Recette_Poids_Fourrage1_g, UniteMesure: %, ValeurSaisie: 0.46
TagName:CQ_pek_Recette_Poids_Fourrage1_g, UniteMesure: %, ValeurSaisie: 0
TagName: CQ_pek_Recette_Poids_Biscuit_Seul_g, UniteMesure: g, ValeurSaisie: 95
TagName:CQ_pek_Recette_Poids_Biscuit_Seul_g, UniteMesure: g, ValeurSaisie: 95
Poids_Total_g
Poids_Chocolat_g
Poids_Fourrage1_g
Poids_Fourrage2_g
Poids_Inclusions1_g
Poids_Inclusions2_g
Poids_Biscuit_Seul_g
Fichier CSV enregistré avec succès sur le serveur SFTP sur /tmp/passage-345-2024-05-20_08-24-22.csv

TagName: CQ_pek_Recette_Poids_Total_g, UniteMesure: g, ValeurSaisie: 15
TagName:CQ_pek_Recette_Poids_Total_g, UniteMesure: g, ValeurSaisie: 15
TagName: CQ_pek_Recette_Poids_Inclusions1_g, UniteMesure: g, ValeurSaisie: 23
TagName:CQ_pek_Recette_Poids_Inclusions1_g, UniteMesure: g, ValeurSaisie: 23
TagName: CQ_pek_Recette_Poids_Fourrage1_g, UniteMesure: %, ValeurSaisie: 0.46
TagName:CQ_pek_Recette_Poids_Fourrage1_g, UniteMesure: %, ValeurSaisie: 0,069
TagName: CQ_pek_Recette_Poids_Biscuit_Seul_g, UniteMesure: g, ValeurSaisie: 96
TagName:CQ_pek_Recette_Poids_Biscuit_Seul_g, UniteMesure: g, ValeurSaisie: 96
CQ_pek_Recette_Poids_Total_g

CQ_pek_Recette_Poids_Fourrage1_g

CQ_pek_Recette_Poids_Inclusions1_g

CQ_pek_Recette_Poids_Biscuit_Seul_g
Fichier CSV enregistré avec succès sur le serveur SFTP sur /tmp/passage-346-2024-05-20_08-30-50.csv

TagName: CQ_pek_Recette_Poids_Total_g, UniteMesure: g, ValeurSaisie: 15
TagName:, UniteMesure: g, ValeurSaisie: 15
TagName: CQ_pek_Recette_Poids_Inclusions1_g, UniteMesure: g, ValeurSaisie: 23
TagName:CQ_pek_Recette_Poids_Total_g, UniteMesure: g, ValeurSaisie: 23
TagName: CQ_pek_Recette_Poids_Fourrage1_g, UniteMesure: %, ValeurSaisie: 0.46
TagName:CQ_pek_Recette_Poids_Inclusions1_g, UniteMesure: %, ValeurSaisie: 46
TagName: CQ_pek_Recette_Poids_Biscuit_Seul_g, UniteMesure: g, ValeurSaisie: 88
TagName:CQ_pek_Recette_Poids_Fourrage1_g, UniteMesure: g, ValeurSaisie: 88
CQ_pek_Recette_Poids_Biscuit_Seul_g
CQ_pek_Recette_Poids_Biscuit_Seul_g
CQ_pek_Recette_Poids_Biscuit_Seul_g
CQ_pek_Recette_Poids_Biscuit_Seul_g
CQ_pek_Recette_Poids_Biscuit_Seul_g
CQ_pek_Recette_Poids_Biscuit_Seul_g
CQ_pek_Recette_Poids_Biscuit_Seul_g
Fichier CSV enregistré avec succès sur le serveur SFTP sur /tmp/passage-347-2024-05-20_08-35-51.csv

TagName: CQ_pek_Recette_, UniteMesure: g, ValeurSaisie: 15
TagName:CQ_pek_Recette_Poids_Total_g, UniteMesure: g, ValeurSaisie: 15
TagName:CQ_pek_Recette_Poids_Chocolat_g, UniteMesure: g, ValeurSaisie: 15
TagName:CQ_pek_Recette_Poids_Fourrage1_g, UniteMesure: g, ValeurSaisie: 15
TagName:CQ_pek_Recette_Poids_Fourrage2_g, UniteMesure: g, ValeurSaisie: 15
TagName:CQ_pek_Recette_Poids_Inclusions1_g, UniteMesure: g, ValeurSaisie: 15
TagName:CQ_pek_Recette_Poids_Inclusions2_g, UniteMesure: g, ValeurSaisie: 15
TagName:CQ_pek_Recette_Poids_Biscuit_Seul_g, UniteMesure: g, ValeurSaisie: 15
TagName: CQ_pek_Recette_, UniteMesure: g, ValeurSaisie: 23
TagName:CQ_pek_Recette_Poids_Total_g, UniteMesure: g, ValeurSaisie: 23
TagName:CQ_pek_Recette_Poids_Chocolat_g, UniteMesure: g, ValeurSaisie: 23
TagName:CQ_pek_Recette_Poids_Fourrage1_g, UniteMesure: g, ValeurSaisie: 23
TagName:CQ_pek_Recette_Poids_Fourrage2_g, UniteMesure: g, ValeurSaisie: 23
TagName:CQ_pek_Recette_Poids_Inclusions1_g, UniteMesure: g, ValeurSaisie: 23
TagName:CQ_pek_Recette_Poids_Inclusions2_g, UniteMesure: g, ValeurSaisie: 23
TagName:CQ_pek_Recette_Poids_Biscuit_Seul_g, UniteMesure: g, ValeurSaisie: 23
TagName: CQ_pek_Recette_, UniteMesure: %, ValeurSaisie: 0.46
TagName:CQ_pek_Recette_Poids_Total_g, UniteMesure: %, ValeurSaisie: 0.46
TagName:CQ_pek_Recette_Poids_Chocolat_g, UniteMesure: %, ValeurSaisie: 0.46
TagName:CQ_pek_Recette_Poids_Fourrage1_g, UniteMesure: %, ValeurSaisie: 46
TagName:CQ_pek_Recette_Poids_Fourrage2_g, UniteMesure: %, ValeurSaisie: 46
TagName:CQ_pek_Recette_Poids_Inclusions1_g, UniteMesure: %, ValeurSaisie: 46
TagName:CQ_pek_Recette_Poids_Inclusions2_g, UniteMesure: %, ValeurSaisie: 46
TagName:CQ_pek_Recette_Poids_Biscuit_Seul_g, UniteMesure: %, ValeurSaisie: 46
TagName: CQ_pek_Recette_, UniteMesure: g, ValeurSaisie: 85
TagName:CQ_pek_Recette_Poids_Total_g, UniteMesure: g, ValeurSaisie: 85
TagName:CQ_pek_Recette_Poids_Chocolat_g, UniteMesure: g, ValeurSaisie: 85
TagName:CQ_pek_Recette_Poids_Fourrage1_g, UniteMesure: g, ValeurSaisie: 85
TagName:CQ_pek_Recette_Poids_Fourrage2_g, UniteMesure: g, ValeurSaisie: 85
TagName:CQ_pek_Recette_Poids_Inclusions1_g, UniteMesure: g, ValeurSaisie: 85
TagName:CQ_pek_Recette_Poids_Inclusions2_g, UniteMesure: g, ValeurSaisie: 85
TagName:CQ_pek_Recette_Poids_Biscuit_Seul_g, UniteMesure: g, ValeurSaisie: 85
CQ_pek_Recette_Poids_Total_g
CQ_pek_Recette_Poids_Chocolat_g
CQ_pek_Recette_Poids_Fourrage1_g
CQ_pek_Recette_Poids_Fourrage2_g
CQ_pek_Recette_Poids_Inclusions1_g
CQ_pek_Recette_Poids_Inclusions2_g
CQ_pek_Recette_Poids_Biscuit_Seul_g
Fichier CSV enregistré avec succès sur le serveur SFTP sur /tmp/passage-348-2024-05-20_08-46-25.csv

